no change     /apps/compilers/anaconda3-2023.3/condabin/conda
no change     /apps/compilers/anaconda3-2023.3/bin/conda
no change     /apps/compilers/anaconda3-2023.3/bin/conda-env
no change     /apps/compilers/anaconda3-2023.3/bin/activate
no change     /apps/compilers/anaconda3-2023.3/bin/deactivate
no change     /apps/compilers/anaconda3-2023.3/etc/profile.d/conda.sh
no change     /apps/compilers/anaconda3-2023.3/etc/fish/conf.d/conda.fish
no change     /apps/compilers/anaconda3-2023.3/shell/condabin/Conda.psm1
no change     /apps/compilers/anaconda3-2023.3/shell/condabin/conda-hook.ps1
no change     /apps/compilers/anaconda3-2023.3/lib/python3.12/site-packages/xontrib/conda.xsh
no change     /apps/compilers/anaconda3-2023.3/etc/profile.d/conda.csh
no change     /home/raj.ayush/.bashrc
No action taken.
Downloading era5_t2m_dailymax_1979.nc ...
Downloading era5_t2m_dailymax_1980.nc ...
Downloading era5_t2m_dailymax_1981.nc ...
Downloading era5_t2m_dailymax_1982.nc ...
Downloading era5_t2m_dailymax_1983.nc ...
Downloading era5_t2m_dailymax_1984.nc ...
Downloading era5_t2m_dailymax_1985.nc ...
Downloading era5_t2m_dailymax_1986.nc ...
Downloading era5_t2m_dailymax_1987.nc ...
Downloading era5_t2m_dailymax_1988.nc ...
Downloading era5_t2m_dailymax_1989.nc ...
Downloading era5_t2m_dailymax_1990.nc ...
Downloading era5_t2m_dailymax_1991.nc ...
Downloading era5_t2m_dailymax_1992.nc ...
Downloading era5_t2m_dailymax_1993.nc ...
Downloading era5_t2m_dailymax_1994.nc ...
Downloading era5_t2m_dailymax_1995.nc ...
Downloading era5_t2m_dailymax_1996.nc ...
Downloading era5_t2m_dailymax_1997.nc ...
Downloading era5_t2m_dailymax_1998.nc ...
Downloading era5_t2m_dailymax_1999.nc ...
Downloading era5_t2m_dailymax_2000.nc ...
Downloading era5_t2m_dailymax_2001.nc ...
Downloading era5_t2m_dailymax_2002.nc ...
Downloading era5_t2m_dailymax_2003.nc ...
Downloading era5_t2m_dailymax_2004.nc ...
Downloading era5_t2m_dailymax_2005.nc ...
Downloading era5_t2m_dailymax_2006.nc ...
Downloading era5_t2m_dailymax_2007.nc ...
Downloading era5_t2m_dailymax_2008.nc ...
Downloading era5_t2m_dailymax_2009.nc ...
Downloading era5_t2m_dailymax_2010.nc ...
Downloading era5_t2m_dailymax_2011.nc ...
Downloading era5_t2m_dailymax_2012.nc ...
Downloading era5_t2m_dailymax_2013.nc ...
Downloading era5_t2m_dailymax_2014.nc ...
Downloading era5_t2m_dailymax_2015.nc ...
Downloading era5_t2m_dailymax_2016.nc ...
Downloading era5_t2m_dailymax_2017.nc ...
Downloading era5_t2m_dailymax_2018.nc ...
